<?xml version="1.0" encoding="UTF-8"?>
<testng-results skipped="0" failed="0" total="1" passed="1">
  <reporter-output>
  </reporter-output>
  <suite name="Default suite" duration-ms="43017" started-at="2016-04-25T08:25:14Z" finished-at="2016-04-25T08:25:57Z">
    <groups>
    </groups>
    <test name="Default test" duration-ms="43017" started-at="2016-04-25T08:25:14Z" finished-at="2016-04-25T08:25:57Z">
      <class name="Appium.Fammy">
        <test-method status="PASS" signature="setUp()[pri:0, instance:Appium.Fammy@1753acfe]" name="setUp" is-config="true" duration-ms="8609" started-at="2016-04-25T03:25:14Z" finished-at="2016-04-25T03:25:22Z">
          <reporter-output>
          </reporter-output>
        </test-method> <!-- setUp -->
        <test-method status="PASS" signature="testCal()[pri:0, instance:Appium.Fammy@1753acfe]" name="testCal" duration-ms="33403" started-at="2016-04-25T03:25:23Z" finished-at="2016-04-25T03:25:56Z">
          <reporter-output>
          </reporter-output>
        </test-method> <!-- testCal -->
        <test-method status="PASS" signature="tearDown()[pri:0, instance:Appium.Fammy@1753acfe]" name="tearDown" is-config="true" duration-ms="953" started-at="2016-04-25T03:25:56Z" finished-at="2016-04-25T03:25:57Z">
          <reporter-output>
          </reporter-output>
        </test-method> <!-- tearDown -->
      </class> <!-- Appium.Fammy -->
    </test> <!-- Default test -->
  </suite> <!-- Default suite -->
</testng-results>
